2015-09-01 15:33:29 +0200 [INFO] from play.api.libs.concurrent.ActorSystemProvider in application-akka.actor.default-dispatcher-4 - Starting application default Akka system: application
2015-09-01 15:33:29 +0200 [INFO] from org.elasticsearch.node in application-akka.actor.default-dispatcher-4 - [Windshear] version[1.7.0], pid[4136], build[929b973/2015-07-16T14:31:07Z]
2015-09-01 15:33:29 +0200 [INFO] from org.elasticsearch.node in application-akka.actor.default-dispatcher-4 - [Windshear] initializing ...
2015-09-01 15:33:29 +0200 [INFO] from org.elasticsearch.plugins in application-akka.actor.default-dispatcher-4 - [Windshear] loaded [], sites []
2015-09-01 15:33:29 +0200 [INFO] from org.elasticsearch.env in application-akka.actor.default-dispatcher-4 - [Windshear] using [1] data paths, mounts [[/ (/dev/sda2)]], net usable_space [83.9gb], net total_space [234.1gb], types [ext4]
2015-09-01 15:33:30 +0200 [INFO] from org.elasticsearch.node in application-akka.actor.default-dispatcher-4 - [Windshear] initialized
2015-09-01 15:33:30 +0200 [INFO] from org.elasticsearch.node in application-akka.actor.default-dispatcher-4 - [Windshear] starting ...
2015-09-01 15:33:30 +0200 [INFO] from org.elasticsearch.transport in application-akka.actor.default-dispatcher-4 - [Windshear] bound_address {local[2]}, publish_address {local[2]}
2015-09-01 15:33:30 +0200 [INFO] from org.elasticsearch.discovery in application-akka.actor.default-dispatcher-4 - [Windshear] elasticsearch/opiP_qZeRye6eTbzissV_Q
2015-09-01 15:33:30 +0200 [INFO] from org.elasticsearch.cluster.service in elasticsearch[Radian][clusterService#updateTask][T#1] - [Radian] added {[Windshear][opiP_qZeRye6eTbzissV_Q][thib-xps][local[2]]{local=true},}, reason: local-disco-receive(from node[[Windshear][opiP_qZeRye6eTbzissV_Q][thib-xps][local[2]]{local=true}])
2015-09-01 15:33:30 +0200 [INFO] from org.elasticsearch.cluster.service in elasticsearch[Windshear][clusterService#updateTask][T#1] - [Windshear] master {new [Radian][VeJLap_ZRw28u_PC8MhgWg][thib-xps][local[1]]{local=true}}, removed {[Windshear][3vzfQq8ASuKjx7bzLB60zw][thib-xps][local[2]]{local=true},}, added {[Radian][VeJLap_ZRw28u_PC8MhgWg][thib-xps][local[1]]{local=true},}, reason: local-disco-receive(from master)
2015-09-01 15:33:30 +0200 [INFO] from org.elasticsearch.node in application-akka.actor.default-dispatcher-4 - [Windshear] started
2015-09-01 15:33:30 +0200 [INFO] from play.api.Play in application-akka.actor.default-dispatcher-4 - Application started (Dev)
2015-09-01 15:35:05 +0200 [ERROR] from play.core.server.netty.PlayDefaultUpstreamHandler in application-akka.actor.default-dispatcher-4 - Cannot invoke the action
org.elasticsearch.transport.RemoteTransportException: [Windshear][local[2]][indices:admin/delete]
Caused by: org.elasticsearch.indices.IndexMissingException: [forum] missing
	at org.elasticsearch.cluster.metadata.MetaData.convertFromWildcards(MetaData.java:884) ~[elasticsearch-1.7.0.jar:na]
	at org.elasticsearch.cluster.metadata.MetaData.concreteIndices(MetaData.java:692) ~[elasticsearch-1.7.0.jar:na]
	at org.elasticsearch.action.admin.indices.delete.TransportDeleteIndexAction.checkBlock(TransportDeleteIndexAction.java:79) ~[elasticsearch-1.7.0.jar:na]
	at org.elasticsearch.action.admin.indices.delete.TransportDeleteIndexAction.checkBlock(TransportDeleteIndexAction.java:42) ~[elasticsearch-1.7.0.jar:na]
	at org.elasticsearch.action.support.master.TransportMasterNodeOperationAction.innerExecute(TransportMasterNodeOperationAction.java:96) ~[elasticsearch-1.7.0.jar:na]
	at org.elasticsearch.action.support.master.TransportMasterNodeOperationAction.doExecute(TransportMasterNodeOperationAction.java:88) ~[elasticsearch-1.7.0.jar:na]
	at org.elasticsearch.action.admin.indices.delete.TransportDeleteIndexAction.doExecute(TransportDeleteIndexAction.java:74) ~[elasticsearch-1.7.0.jar:na]
	at org.elasticsearch.action.admin.indices.delete.TransportDeleteIndexAction.doExecute(TransportDeleteIndexAction.java:42) ~[elasticsearch-1.7.0.jar:na]
	at org.elasticsearch.action.support.TransportAction.execute(TransportAction.java:75) ~[elasticsearch-1.7.0.jar:na]
	at org.elasticsearch.action.support.master.TransportMasterNodeOperationAction$TransportHandler.messageReceived(TransportMasterNodeOperationAction.java:251) ~[elasticsearch-1.7.0.jar:na]
	at org.elasticsearch.action.support.master.TransportMasterNodeOperationAction$TransportHandler.messageReceived(TransportMasterNodeOperationAction.java:235) ~[elasticsearch-1.7.0.jar:na]
	at org.elasticsearch.transport.local.LocalTransport.handleRequest(LocalTransport.java:273) ~[elasticsearch-1.7.0.jar:na]
	at org.elasticsearch.transport.local.LocalTransport.messageReceived(LocalTransport.java:235) ~[elasticsearch-1.7.0.jar:na]
	at org.elasticsearch.transport.local.LocalTransport$1.run(LocalTransport.java:213) ~[elasticsearch-1.7.0.jar:na]
	at java.util.concurrent.ThreadPoolExecutor.runWorker(ThreadPoolExecutor.java:1142) ~[na:1.8.0_60]
	at java.util.concurrent.ThreadPoolExecutor$Worker.run(ThreadPoolExecutor.java:617) ~[na:1.8.0_60]
	at java.lang.Thread.run(Thread.java:745) ~[na:1.8.0_60]
2015-09-01 15:35:05 +0200 [ERROR] from application in application-akka.actor.default-dispatcher-4 - 

! @6nb1n11b9 - Internal server error, for (POST) [/mapping/forum] ->
 
play.api.http.HttpErrorHandlerExceptions$$anon$1: Execution exception[[RemoteTransportException: [Windshear][local[2]][indices:admin/delete]]]
	at play.api.http.HttpErrorHandlerExceptions$.throwableToUsefulException(HttpErrorHandler.scala:265) ~[play_2.11-2.4.2.jar:2.4.2]
	at play.api.http.DefaultHttpErrorHandler.onServerError(HttpErrorHandler.scala:191) ~[play_2.11-2.4.2.jar:2.4.2]
	at play.api.GlobalSettings$class.onError(GlobalSettings.scala:179) [play_2.11-2.4.2.jar:2.4.2]
	at play.api.DefaultGlobal$.onError(GlobalSettings.scala:212) [play_2.11-2.4.2.jar:2.4.2]
	at play.api.http.GlobalSettingsHttpErrorHandler.onServerError(HttpErrorHandler.scala:94) [play_2.11-2.4.2.jar:2.4.2]
	at play.core.server.netty.PlayDefaultUpstreamHandler$$anonfun$3.applyOrElse(PlayDefaultUpstreamHandler.scala:273) [play-netty-server_2.11-2.4.2.jar:2.4.2]
	at play.core.server.netty.PlayDefaultUpstreamHandler$$anonfun$3.applyOrElse(PlayDefaultUpstreamHandler.scala:269) [play-netty-server_2.11-2.4.2.jar:2.4.2]
	at scala.concurrent.Future$$anonfun$recoverWith$1.apply(Future.scala:344) [scala-library-2.11.7.jar:na]
	at scala.concurrent.Future$$anonfun$recoverWith$1.apply(Future.scala:343) [scala-library-2.11.7.jar:na]
	at scala.concurrent.impl.CallbackRunnable.run(Promise.scala:32) [scala-library-2.11.7.jar:na]
	at play.api.libs.iteratee.Execution$trampoline$.executeScheduled(Execution.scala:109) [play-iteratees_2.11-2.4.2.jar:2.4.2]
	at play.api.libs.iteratee.Execution$trampoline$.execute(Execution.scala:71) [play-iteratees_2.11-2.4.2.jar:2.4.2]
	at scala.concurrent.impl.CallbackRunnable.executeWithValue(Promise.scala:40) [scala-library-2.11.7.jar:na]
	at scala.concurrent.impl.Promise$DefaultPromise.tryComplete(Promise.scala:248) [scala-library-2.11.7.jar:na]
	at scala.concurrent.Promise$class.complete(Promise.scala:55) [scala-library-2.11.7.jar:na]
	at scala.concurrent.impl.Promise$DefaultPromise.complete(Promise.scala:153) [scala-library-2.11.7.jar:na]
	at scala.concurrent.Future$$anonfun$map$1.apply(Future.scala:235) [scala-library-2.11.7.jar:na]
	at scala.concurrent.Future$$anonfun$map$1.apply(Future.scala:235) [scala-library-2.11.7.jar:na]
	at scala.concurrent.impl.CallbackRunnable.run(Promise.scala:32) [scala-library-2.11.7.jar:na]
	at akka.dispatch.BatchingExecutor$AbstractBatch.processBatch(BatchingExecutor.scala:55) [akka-actor_2.11-2.3.11.jar:na]
	at akka.dispatch.BatchingExecutor$BlockableBatch$$anonfun$run$1.apply$mcV$sp(BatchingExecutor.scala:91) [akka-actor_2.11-2.3.11.jar:na]
	at akka.dispatch.BatchingExecutor$BlockableBatch$$anonfun$run$1.apply(BatchingExecutor.scala:91) [akka-actor_2.11-2.3.11.jar:na]
	at akka.dispatch.BatchingExecutor$BlockableBatch$$anonfun$run$1.apply(BatchingExecutor.scala:91) [akka-actor_2.11-2.3.11.jar:na]
	at scala.concurrent.BlockContext$.withBlockContext(BlockContext.scala:72) [scala-library-2.11.7.jar:na]
	at akka.dispatch.BatchingExecutor$BlockableBatch.run(BatchingExecutor.scala:90) [akka-actor_2.11-2.3.11.jar:na]
	at akka.dispatch.TaskInvocation.run(AbstractDispatcher.scala:40) [akka-actor_2.11-2.3.11.jar:na]
	at akka.dispatch.ForkJoinExecutorConfigurator$AkkaForkJoinTask.exec(AbstractDispatcher.scala:397) [akka-actor_2.11-2.3.11.jar:na]
	at scala.concurrent.forkjoin.ForkJoinTask.doExec(ForkJoinTask.java:260) [scala-library-2.11.7.jar:na]
	at scala.concurrent.forkjoin.ForkJoinPool$WorkQueue.runTask(ForkJoinPool.java:1339) [scala-library-2.11.7.jar:na]
	at scala.concurrent.forkjoin.ForkJoinPool.runWorker(ForkJoinPool.java:1979) [scala-library-2.11.7.jar:na]
	at scala.concurrent.forkjoin.ForkJoinWorkerThread.run(ForkJoinWorkerThread.java:107) [scala-library-2.11.7.jar:na]
Caused by: org.elasticsearch.transport.RemoteTransportException: [Windshear][local[2]][indices:admin/delete]
Caused by: org.elasticsearch.indices.IndexMissingException: [forum] missing
	at org.elasticsearch.cluster.metadata.MetaData.convertFromWildcards(MetaData.java:884) ~[elasticsearch-1.7.0.jar:na]
	at org.elasticsearch.cluster.metadata.MetaData.concreteIndices(MetaData.java:692) ~[elasticsearch-1.7.0.jar:na]
	at org.elasticsearch.action.admin.indices.delete.TransportDeleteIndexAction.checkBlock(TransportDeleteIndexAction.java:79) ~[elasticsearch-1.7.0.jar:na]
	at org.elasticsearch.action.admin.indices.delete.TransportDeleteIndexAction.checkBlock(TransportDeleteIndexAction.java:42) ~[elasticsearch-1.7.0.jar:na]
	at org.elasticsearch.action.support.master.TransportMasterNodeOperationAction.innerExecute(TransportMasterNodeOperationAction.java:96) ~[elasticsearch-1.7.0.jar:na]
	at org.elasticsearch.action.support.master.TransportMasterNodeOperationAction.doExecute(TransportMasterNodeOperationAction.java:88) ~[elasticsearch-1.7.0.jar:na]
	at org.elasticsearch.action.admin.indices.delete.TransportDeleteIndexAction.doExecute(TransportDeleteIndexAction.java:74) ~[elasticsearch-1.7.0.jar:na]
	at org.elasticsearch.action.admin.indices.delete.TransportDeleteIndexAction.doExecute(TransportDeleteIndexAction.java:42) ~[elasticsearch-1.7.0.jar:na]
	at org.elasticsearch.action.support.TransportAction.execute(TransportAction.java:75) ~[elasticsearch-1.7.0.jar:na]
	at org.elasticsearch.action.support.master.TransportMasterNodeOperationAction$TransportHandler.messageReceived(TransportMasterNodeOperationAction.java:251) ~[elasticsearch-1.7.0.jar:na]
	at org.elasticsearch.action.support.master.TransportMasterNodeOperationAction$TransportHandler.messageReceived(TransportMasterNodeOperationAction.java:235) ~[elasticsearch-1.7.0.jar:na]
	at org.elasticsearch.transport.local.LocalTransport.handleRequest(LocalTransport.java:273) ~[elasticsearch-1.7.0.jar:na]
	at org.elasticsearch.transport.local.LocalTransport.messageReceived(LocalTransport.java:235) ~[elasticsearch-1.7.0.jar:na]
	at org.elasticsearch.transport.local.LocalTransport$1.run(LocalTransport.java:213) ~[elasticsearch-1.7.0.jar:na]
	at java.util.concurrent.ThreadPoolExecutor.runWorker(ThreadPoolExecutor.java:1142) ~[na:1.8.0_60]
	at java.util.concurrent.ThreadPoolExecutor$Worker.run(ThreadPoolExecutor.java:617) ~[na:1.8.0_60]
	at java.lang.Thread.run(Thread.java:745) ~[na:1.8.0_60]
2015-09-01 15:36:01 +0200 [INFO] from play.api.libs.concurrent.ActorSystemProvider in application-akka.actor.default-dispatcher-5 - Shutdown application default Akka system: application
2015-09-01 15:36:02 +0200 [INFO] from play.api.libs.concurrent.ActorSystemProvider in application-akka.actor.default-dispatcher-5 - Starting application default Akka system: application
2015-09-01 15:36:02 +0200 [INFO] from org.elasticsearch.node in application-akka.actor.default-dispatcher-5 - [Glorian] version[1.7.0], pid[4136], build[929b973/2015-07-16T14:31:07Z]
2015-09-01 15:36:02 +0200 [INFO] from org.elasticsearch.node in application-akka.actor.default-dispatcher-5 - [Glorian] initializing ...
2015-09-01 15:36:02 +0200 [INFO] from org.elasticsearch.plugins in application-akka.actor.default-dispatcher-5 - [Glorian] loaded [], sites []
2015-09-01 15:36:02 +0200 [INFO] from org.elasticsearch.env in application-akka.actor.default-dispatcher-5 - [Glorian] using [1] data paths, mounts [[/ (/dev/sda2)]], net usable_space [83.9gb], net total_space [234.1gb], types [ext4]
2015-09-01 15:36:02 +0200 [INFO] from org.elasticsearch.node in application-akka.actor.default-dispatcher-5 - [Glorian] initialized
2015-09-01 15:36:02 +0200 [INFO] from org.elasticsearch.node in application-akka.actor.default-dispatcher-5 - [Glorian] starting ...
2015-09-01 15:36:02 +0200 [INFO] from org.elasticsearch.transport in application-akka.actor.default-dispatcher-5 - [Glorian] bound_address {local[3]}, publish_address {local[3]}
2015-09-01 15:36:02 +0200 [INFO] from org.elasticsearch.discovery in application-akka.actor.default-dispatcher-5 - [Glorian] elasticsearch/mOHmYuIERrWe-mz_pOVWbg
2015-09-01 15:36:02 +0200 [INFO] from org.elasticsearch.cluster.service in elasticsearch[Radian][clusterService#updateTask][T#1] - [Radian] added {[Glorian][mOHmYuIERrWe-mz_pOVWbg][thib-xps][local[3]]{local=true},}, reason: local-disco-receive(from node[[Glorian][mOHmYuIERrWe-mz_pOVWbg][thib-xps][local[3]]{local=true}])
2015-09-01 15:36:02 +0200 [INFO] from org.elasticsearch.cluster.service in elasticsearch[Windshear][clusterService#updateTask][T#1] - [Windshear] added {[Glorian][mOHmYuIERrWe-mz_pOVWbg][thib-xps][local[3]]{local=true},}, reason: local-disco-receive(from master)
2015-09-01 15:36:02 +0200 [INFO] from org.elasticsearch.cluster.service in elasticsearch[Glorian][clusterService#updateTask][T#1] - [Glorian] master {new [Radian][VeJLap_ZRw28u_PC8MhgWg][thib-xps][local[1]]{local=true}}, removed {[Glorian][ieaOFvV4TuCnCm3IeWPhtQ][thib-xps][local[3]]{local=true},}, added {[Windshear][opiP_qZeRye6eTbzissV_Q][thib-xps][local[2]]{local=true},[Radian][VeJLap_ZRw28u_PC8MhgWg][thib-xps][local[1]]{local=true},}, reason: local-disco-receive(from master)
2015-09-01 15:36:02 +0200 [INFO] from org.elasticsearch.node in application-akka.actor.default-dispatcher-5 - [Glorian] started
2015-09-01 15:36:02 +0200 [INFO] from play.api.Play in application-akka.actor.default-dispatcher-5 - Application started (Dev)
2015-09-01 15:36:02 +0200 [INFO] from org.elasticsearch.cluster.metadata in elasticsearch[Radian][clusterService#updateTask][T#1] - [Radian] [forum] creating index, cause [api], templates [], shards [5]/[1], mappings []
2015-09-01 15:36:03 +0200 [INFO] from org.elasticsearch.cluster.metadata in elasticsearch[Radian][clusterService#updateTask][T#1] - [Radian] [forum] create_mapping [forum]
2015-09-01 15:36:04 +0200 [INFO] from org.elasticsearch.cluster.metadata in elasticsearch[Radian][clusterService#updateTask][T#1] - [Radian] [forum] update_mapping [forum] (dynamic)
2015-09-01 15:36:27 +0200 [INFO] from play.api.libs.concurrent.ActorSystemProvider in application-akka.actor.default-dispatcher-5 - Shutdown application default Akka system: application
